{"/app/backend/src/config/cloudinary.ts": {"path":"/app/backend/src/config/cloudinary.ts","statementMap":{"0":{"start":{"line":1,"column":0},"end":{"line":1,"column":46}},"1":{"start":{"line":2,"column":0},"end":{"line":2,"column":28}},"2":{"start":{"line":4,"column":0},"end":{"line":4,"column":16}},"3":{"start":{"line":6,"column":22},"end":{"line":6,"column":48}},"4":{"start":{"line":8,"column":0},"end":{"line":21,"column":1}},"5":{"start":{"line":9,"column":2},"end":{"line":11,"column":4}},"6":{"start":{"line":15,"column":2},"end":{"line":20,"column":3}},"7":{"start":{"line":16,"column":4},"end":{"line":16,"column":66}},"8":{"start":{"line":17,"column":4},"end":{"line":17,"column":55}},"9":{"start":{"line":19,"column":4},"end":{"line":19,"column":58}},"10":{"start":{"line":24,"column":34},"end":{"line":38,"column":1}},"11":{"start":{"line":25,"column":2},"end":{"line":27,"column":3}},"12":{"start":{"line":26,"column":4},"end":{"line":26,"column":75}},"13":{"start":{"line":28,"column":2},"end":{"line":37,"column":3}},"14":{"start":{"line":29,"column":19},"end":{"line":32,"column":6}},"15":{"start":{"line":33,"column":4},"end":{"line":33,"column":29}},"16":{"start":{"line":35,"column":4},"end":{"line":35,"column":53}},"17":{"start":{"line":36,"column":4},"end":{"line":36,"column":16}},"18":{"start":{"line":24,"column":13},"end":{"line":24,"column":34}},"19":{"start":{"line":40,"column":36},"end":{"line":58,"column":1}},"20":{"start":{"line":41,"column":3},"end":{"line":43,"column":3}},"21":{"start":{"line":42,"column":4},"end":{"line":42,"column":75}},"22":{"start":{"line":44,"column":2},"end":{"line":57,"column":3}},"23":{"start":{"line":49,"column":28},"end":{"line":49,"column":58}},"24":{"start":{"line":50,"column":18},"end":{"line":50,"column":49}},"25":{"start":{"line":51,"column":27},"end":{"line":51,"column":54}},"26":{"start":{"line":53,"column":4},"end":{"line":53,"column":61}},"27":{"start":{"line":55,"column":4},"end":{"line":55,"column":53}},"28":{"start":{"line":56,"column":4},"end":{"line":56,"column":16}},"29":{"start":{"line":40,"column":13},"end":{"line":40,"column":36}},"30":{"start":{"line":61,"column":0},"end":{"line":61,"column":26}}},"fnMap":{"0":{"name":"(anonymous_1)","decl":{"start":{"line":24,"column":34},"end":{"line":24,"column":39}},"loc":{"start":{"line":24,"column":120},"end":{"line":38,"column":1}}},"1":{"name":"(anonymous_2)","decl":{"start":{"line":40,"column":36},"end":{"line":40,"column":41}},"loc":{"start":{"line":40,"column":77},"end":{"line":58,"column":1}}}},"branchMap":{"0":{"loc":{"start":{"line":8,"column":0},"end":{"line":21,"column":1}},"type":"if","locations":[{"start":{"line":8,"column":0},"end":{"line":21,"column":1}},{"start":{"line":14,"column":7},"end":{"line":21,"column":1}}]},"1":{"loc":{"start":{"line":24,"column":59},"end":{"line":24,"column":99}},"type":"default-arg","locations":[{"start":{"line":24,"column":76},"end":{"line":24,"column":99}}]},"2":{"loc":{"start":{"line":25,"column":2},"end":{"line":27,"column":3}},"type":"if","locations":[{"start":{"line":25,"column":2},"end":{"line":27,"column":3}}]},"3":{"loc":{"start":{"line":41,"column":3},"end":{"line":43,"column":3}},"type":"if","locations":[{"start":{"line":41,"column":3},"end":{"line":43,"column":3}}]},"4":{"loc":{"start":{"line":51,"column":27},"end":{"line":51,"column":54}},"type":"cond-expr","locations":[{"start":{"line":51,"column":35},"end":{"line":51,"column":43}},{"start":{"line":51,"column":46},"end":{"line":51,"column":54}}]}},"s":{"0":1,"1":1,"2":1,"3":1,"4":1,"5":1,"6":0,"7":0,"8":0,"9":0,"10":1,"11":0,"12":0,"13":0,"14":0,"15":0,"16":0,"17":0,"18":1,"19":1,"20":0,"21":0,"22":0,"23":0,"24":0,"25":0,"26":0,"27":0,"28":0,"29":1,"30":1},"f":{"0":0,"1":0},"b":{"0":[1,0],"1":[0],"2":[0],"3":[0],"4":[0,0]}}
,"/app/backend/src/controllers/productController.ts": {"path":"/app/backend/src/controllers/productController.ts","statementMap":{"0":{"start":{"line":1,"column":0},"end":{"line":1,"column":54}},"1":{"start":{"line":3,"column":0},"end":{"line":3,"column":59}},"2":{"start":{"line":5,"column":0},"end":{"line":5,"column":80}},"3":{"start":{"line":11,"column":13},"end":{"line":72,"column":3}},"4":{"start":{"line":12,"column":19},"end":{"line":12,"column":60}},"5":{"start":{"line":13,"column":15},"end":{"line":13,"column":54}},"6":{"start":{"line":14,"column":21},"end":{"line":21,"column":8}},"7":{"start":{"line":23,"column":23},"end":{"line":23,"column":25}},"8":{"start":{"line":24,"column":2},"end":{"line":26,"column":3}},"9":{"start":{"line":25,"column":4},"end":{"line":25,"column":52}},"10":{"start":{"line":27,"column":2},"end":{"line":32,"column":3}},"11":{"start":{"line":28,"column":24},"end":{"line":28,"column":65}},"12":{"start":{"line":29,"column":4},"end":{"line":31,"column":5}},"13":{"start":{"line":30,"column":8},"end":{"line":30,"column":48}},"14":{"start":{"line":33,"column":2},"end":{"line":38,"column":3}},"15":{"start":{"line":34,"column":24},"end":{"line":34,"column":78}},"16":{"start":{"line":35,"column":4},"end":{"line":37,"column":5}},"17":{"start":{"line":36,"column":6},"end":{"line":36,"column":47}},"18":{"start":{"line":39,"column":3},"end":{"line":41,"column":3}},"19":{"start":{"line":40,"column":4},"end":{"line":40,"column":79}},"20":{"start":{"line":44,"column":27},"end":{"line":44,"column":29}},"21":{"start":{"line":45,"column":17},"end":{"line":45,"column":43}},"22":{"start":{"line":46,"column":2},"end":{"line":51,"column":34}},"23":{"start":{"line":46,"column":27},"end":{"line":46,"column":54}},"24":{"start":{"line":47,"column":7},"end":{"line":51,"column":34}},"25":{"start":{"line":47,"column":32},"end":{"line":47,"column":58}},"26":{"start":{"line":48,"column":7},"end":{"line":51,"column":34}},"27":{"start":{"line":48,"column":35},"end":{"line":48,"column":57}},"28":{"start":{"line":49,"column":7},"end":{"line":51,"column":34}},"29":{"start":{"line":49,"column":36},"end":{"line":49,"column":59}},"30":{"start":{"line":51,"column":7},"end":{"line":51,"column":34}},"31":{"start":{"line":53,"column":2},"end":{"line":71,"column":3}},"32":{"start":{"line":54,"column":18},"end":{"line":54,"column":47}},"33":{"start":{"line":55,"column":18},"end":{"line":55,"column":53}},"34":{"start":{"line":56,"column":21},"end":{"line":60,"column":24}},"35":{"start":{"line":62,"column":4},"end":{"line":67,"column":7}},"36":{"start":{"line":69,"column":4},"end":{"line":69,"column":53}},"37":{"start":{"line":70,"column":4},"end":{"line":70,"column":76}},"38":{"start":{"line":77,"column":13},"end":{"line":94,"column":3}},"39":{"start":{"line":78,"column":2},"end":{"line":93,"column":3}},"40":{"start":{"line":79,"column":20},"end":{"line":79,"column":117}},"41":{"start":{"line":80,"column":4},"end":{"line":86,"column":5}},"42":{"start":{"line":81,"column":6},"end":{"line":81,"column":47}},"43":{"start":{"line":82,"column":6},"end":{"line":82,"column":27}},"44":{"start":{"line":83,"column":6},"end":{"line":83,"column":24}},"45":{"start":{"line":85,"column":6},"end":{"line":85,"column":61}},"46":{"start":{"line":88,"column":4},"end":{"line":88,"column":58}},"47":{"start":{"line":89,"column":4},"end":{"line":91,"column":5}},"48":{"start":{"line":90,"column":8},"end":{"line":90,"column":90}},"49":{"start":{"line":92,"column":4},"end":{"line":92,"column":76}},"50":{"start":{"line":99,"column":13},"end":{"line":150,"column":3}},"51":{"start":{"line":100,"column":120},"end":{"line":100,"column":128}},"52":{"start":{"line":102,"column":2},"end":{"line":104,"column":3}},"53":{"start":{"line":103,"column":4},"end":{"line":103,"column":89}},"54":{"start":{"line":106,"column":16},"end":{"line":106,"column":50}},"55":{"start":{"line":107,"column":2},"end":{"line":109,"column":3}},"56":{"start":{"line":108,"column":4},"end":{"line":108,"column":79}},"57":{"start":{"line":111,"column":2},"end":{"line":149,"column":3}},"58":{"start":{"line":112,"column":4},"end":{"line":114,"column":5}},"59":{"start":{"line":113,"column":6},"end":{"line":113,"column":99}},"60":{"start":{"line":116,"column":32},"end":{"line":116,"column":34}},"61":{"start":{"line":117,"column":4},"end":{"line":125,"column":5}},"62":{"start":{"line":121,"column":18},"end":{"line":121,"column":61}},"63":{"start":{"line":122,"column":20},"end":{"line":122,"column":62}},"64":{"start":{"line":123,"column":23},"end":{"line":123,"column":68}},"65":{"start":{"line":124,"column":6},"end":{"line":124,"column":31}},"66":{"start":{"line":127,"column":20},"end":{"line":142,"column":6}},"67":{"start":{"line":137,"column":86},"end":{"line":137,"column":96}},"68":{"start":{"line":144,"column":27},"end":{"line":144,"column":47}},"69":{"start":{"line":145,"column":4},"end":{"line":145,"column":41}},"70":{"start":{"line":147,"column":4},"end":{"line":147,"column":52}},"71":{"start":{"line":148,"column":4},"end":{"line":148,"column":93}},"72":{"start":{"line":155,"column":29},"end":{"line":228,"column":1}},"73":{"start":{"line":156,"column":162},"end":{"line":156,"column":170}},"74":{"start":{"line":161,"column":2},"end":{"line":163,"column":3}},"75":{"start":{"line":162,"column":4},"end":{"line":162,"column":63}},"76":{"start":{"line":165,"column":2},"end":{"line":227,"column":3}},"77":{"start":{"line":166,"column":20},"end":{"line":166,"column":57}},"78":{"start":{"line":168,"column":4},"end":{"line":170,"column":5}},"79":{"start":{"line":169,"column":6},"end":{"line":169,"column":68}},"80":{"start":{"line":173,"column":4},"end":{"line":175,"column":5}},"81":{"start":{"line":174,"column":6},"end":{"line":174,"column":93}},"82":{"start":{"line":177,"column":37},"end":{"line":177,"column":138}},"83":{"start":{"line":180,"column":4},"end":{"line":191,"column":5}},"84":{"start":{"line":181,"column":34},"end":{"line":181,"column":99}},"85":{"start":{"line":182,"column":6},"end":{"line":190,"column":7}},"86":{"start":{"line":183,"column":8},"end":{"line":189,"column":9}},"87":{"start":{"line":184,"column":10},"end":{"line":184,"column":47}},"88":{"start":{"line":185,"column":10},"end":{"line":185,"column":78}},"89":{"start":{"line":185,"column":60},"end":{"line":185,"column":76}},"90":{"start":{"line":187,"column":10},"end":{"line":187,"column":89}},"91":{"start":{"line":194,"column":18},"end":{"line":194,"column":52}},"92":{"start":{"line":195,"column":4},"end":{"line":202,"column":5}},"93":{"start":{"line":196,"column":6},"end":{"line":201,"column":7}},"94":{"start":{"line":197,"column":20},"end":{"line":197,"column":63}},"95":{"start":{"line":198,"column":22},"end":{"line":198,"column":64}},"96":{"start":{"line":199,"column":28},"end":{"line":199,"column":73}},"97":{"start":{"line":200,"column":8},"end":{"line":200,"column":43}},"98":{"start":{"line":204,"column":4},"end":{"line":204,"column":43}},"99":{"start":{"line":205,"column":4},"end":{"line":205,"column":61}},"100":{"start":{"line":206,"column":4},"end":{"line":206,"column":72}},"101":{"start":{"line":207,"column":4},"end":{"line":207,"column":55}},"102":{"start":{"line":208,"column":4},"end":{"line":208,"column":52}},"103":{"start":{"line":209,"column":4},"end":{"line":209,"column":61}},"104":{"start":{"line":210,"column":4},"end":{"line":210,"column":52}},"105":{"start":{"line":211,"column":4},"end":{"line":211,"column":121}},"106":{"start":{"line":211,"column":93},"end":{"line":211,"column":103}},"107":{"start":{"line":212,"column":4},"end":{"line":212,"column":77}},"108":{"start":{"line":213,"column":4},"end":{"line":213,"column":85}},"109":{"start":{"line":214,"column":4},"end":{"line":214,"column":55}},"110":{"start":{"line":215,"column":4},"end":{"line":215,"column":89}},"111":{"start":{"line":216,"column":4},"end":{"line":216,"column":38}},"112":{"start":{"line":217,"column":4},"end":{"line":217,"column":35}},"113":{"start":{"line":219,"column":27},"end":{"line":219,"column":47}},"114":{"start":{"line":220,"column":4},"end":{"line":220,"column":29}},"115":{"start":{"line":222,"column":4},"end":{"line":222,"column":52}},"116":{"start":{"line":223,"column":4},"end":{"line":225,"column":5}},"117":{"start":{"line":224,"column":8},"end":{"line":224,"column":90}},"118":{"start":{"line":226,"column":4},"end":{"line":226,"column":93}},"119":{"start":{"line":155,"column":13},"end":{"line":155,"column":29}},"120":{"start":{"line":233,"column":29},"end":{"line":271,"column":1}},"121":{"start":{"line":235,"column":2},"end":{"line":237,"column":3}},"122":{"start":{"line":236,"column":4},"end":{"line":236,"column":63}},"123":{"start":{"line":238,"column":2},"end":{"line":270,"column":3}},"124":{"start":{"line":239,"column":20},"end":{"line":239,"column":57}},"125":{"start":{"line":241,"column":4},"end":{"line":243,"column":5}},"126":{"start":{"line":242,"column":6},"end":{"line":242,"column":68}},"127":{"start":{"line":245,"column":4},"end":{"line":247,"column":5}},"128":{"start":{"line":246,"column":6},"end":{"line":246,"column":93}},"129":{"start":{"line":250,"column":4},"end":{"line":259,"column":5}},"130":{"start":{"line":251,"column":6},"end":{"line":258,"column":7}},"131":{"start":{"line":252,"column":8},"end":{"line":257,"column":9}},"132":{"start":{"line":253,"column":10},"end":{"line":253,"column":47}},"133":{"start":{"line":255,"column":10},"end":{"line":255,"column":113}},"134":{"start":{"line":261,"column":4},"end":{"line":261,"column":30}},"135":{"start":{"line":263,"column":4},"end":{"line":263,"column":45}},"136":{"start":{"line":265,"column":4},"end":{"line":265,"column":52}},"137":{"start":{"line":266,"column":5},"end":{"line":268,"column":5}},"138":{"start":{"line":267,"column":8},"end":{"line":267,"column":90}},"139":{"start":{"line":269,"column":4},"end":{"line":269,"column":93}},"140":{"start":{"line":233,"column":13},"end":{"line":233,"column":29}}},"fnMap":{"0":{"name":"(anonymous_1)","decl":{"start":{"line":11,"column":40},"end":{"line":11,"column":45}},"loc":{"start":{"line":11,"column":78},"end":{"line":72,"column":1}}},"1":{"name":"(anonymous_2)","decl":{"start":{"line":77,"column":43},"end":{"line":77,"column":48}},"loc":{"start":{"line":77,"column":81},"end":{"line":94,"column":1}}},"2":{"name":"(anonymous_3)","decl":{"start":{"line":99,"column":42},"end":{"line":99,"column":47}},"loc":{"start":{"line":99,"column":80},"end":{"line":150,"column":1}}},"3":{"name":"(anonymous_4)","decl":{"start":{"line":137,"column":69},"end":{"line":137,"column":70}},"loc":{"start":{"line":137,"column":86},"end":{"line":137,"column":96}}},"4":{"name":"(anonymous_5)","decl":{"start":{"line":155,"column":29},"end":{"line":155,"column":34}},"loc":{"start":{"line":155,"column":87},"end":{"line":228,"column":1}}},"5":{"name":"(anonymous_6)","decl":{"start":{"line":185,"column":53},"end":{"line":185,"column":56}},"loc":{"start":{"line":185,"column":60},"end":{"line":185,"column":76}}},"6":{"name":"(anonymous_7)","decl":{"start":{"line":211,"column":76},"end":{"line":211,"column":77}},"loc":{"start":{"line":211,"column":93},"end":{"line":211,"column":103}}},"7":{"name":"(anonymous_8)","decl":{"start":{"line":233,"column":29},"end":{"line":233,"column":34}},"loc":{"start":{"line":233,"column":87},"end":{"line":271,"column":1}}}},"branchMap":{"0":{"loc":{"start":{"line":12,"column":19},"end":{"line":12,"column":60}},"type":"binary-expr","locations":[{"start":{"line":12,"column":19},"end":{"line":12,"column":54}},{"start":{"line":12,"column":58},"end":{"line":12,"column":60}}]},"1":{"loc":{"start":{"line":13,"column":15},"end":{"line":13,"column":54}},"type":"binary-expr","locations":[{"start":{"line":13,"column":15},"end":{"line":13,"column":49}},{"start":{"line":13,"column":53},"end":{"line":13,"column":54}}]},"2":{"loc":{"start":{"line":14,"column":21},"end":{"line":21,"column":8}},"type":"cond-expr","locations":[{"start":{"line":14,"column":40},"end":{"line":21,"column":4}},{"start":{"line":21,"column":6},"end":{"line":21,"column":8}}]},"3":{"loc":{"start":{"line":24,"column":2},"end":{"line":26,"column":3}},"type":"if","locations":[{"start":{"line":24,"column":2},"end":{"line":26,"column":3}}]},"4":{"loc":{"start":{"line":24,"column":6},"end":{"line":24,"column":56}},"type":"binary-expr","locations":[{"start":{"line":24,"column":6},"end":{"line":24,"column":24}},{"start":{"line":24,"column":28},"end":{"line":24,"column":56}}]},"5":{"loc":{"start":{"line":27,"column":2},"end":{"line":32,"column":3}},"type":"if","locations":[{"start":{"line":27,"column":2},"end":{"line":32,"column":3}}]},"6":{"loc":{"start":{"line":29,"column":4},"end":{"line":31,"column":5}},"type":"if","locations":[{"start":{"line":29,"column":4},"end":{"line":31,"column":5}}]},"7":{"loc":{"start":{"line":33,"column":2},"end":{"line":38,"column":3}},"type":"if","locations":[{"start":{"line":33,"column":2},"end":{"line":38,"column":3}}]},"8":{"loc":{"start":{"line":35,"column":4},"end":{"line":37,"column":5}},"type":"if","locations":[{"start":{"line":35,"column":4},"end":{"line":37,"column":5}}]},"9":{"loc":{"start":{"line":35,"column":8},"end":{"line":35,"column":34}},"type":"binary-expr","locations":[{"start":{"line":35,"column":8},"end":{"line":35,"column":19}},{"start":{"line":35,"column":23},"end":{"line":35,"column":34}}]},"10":{"loc":{"start":{"line":39,"column":3},"end":{"line":41,"column":3}},"type":"if","locations":[{"start":{"line":39,"column":3},"end":{"line":41,"column":3}}]},"11":{"loc":{"start":{"line":46,"column":2},"end":{"line":51,"column":34}},"type":"if","locations":[{"start":{"line":46,"column":2},"end":{"line":51,"column":34}},{"start":{"line":47,"column":7},"end":{"line":51,"column":34}}]},"12":{"loc":{"start":{"line":47,"column":7},"end":{"line":51,"column":34}},"type":"if","locations":[{"start":{"line":47,"column":7},"end":{"line":51,"column":34}},{"start":{"line":48,"column":7},"end":{"line":51,"column":34}}]},"13":{"loc":{"start":{"line":48,"column":7},"end":{"line":51,"column":34}},"type":"if","locations":[{"start":{"line":48,"column":7},"end":{"line":51,"column":34}},{"start":{"line":49,"column":7},"end":{"line":51,"column":34}}]},"14":{"loc":{"start":{"line":49,"column":7},"end":{"line":51,"column":34}},"type":"if","locations":[{"start":{"line":49,"column":7},"end":{"line":51,"column":34}},{"start":{"line":51,"column":7},"end":{"line":51,"column":34}}]},"15":{"loc":{"start":{"line":80,"column":4},"end":{"line":86,"column":5}},"type":"if","locations":[{"start":{"line":80,"column":4},"end":{"line":86,"column":5}},{"start":{"line":84,"column":11},"end":{"line":86,"column":5}}]},"16":{"loc":{"start":{"line":81,"column":23},"end":{"line":81,"column":41}},"type":"binary-expr","locations":[{"start":{"line":81,"column":23},"end":{"line":81,"column":36}},{"start":{"line":81,"column":40},"end":{"line":81,"column":41}}]},"17":{"loc":{"start":{"line":89,"column":4},"end":{"line":91,"column":5}},"type":"if","locations":[{"start":{"line":89,"column":4},"end":{"line":91,"column":5}}]},"18":{"loc":{"start":{"line":102,"column":2},"end":{"line":104,"column":3}},"type":"if","locations":[{"start":{"line":102,"column":2},"end":{"line":104,"column":3}}]},"19":{"loc":{"start":{"line":107,"column":2},"end":{"line":109,"column":3}},"type":"if","locations":[{"start":{"line":107,"column":2},"end":{"line":109,"column":3}}]},"20":{"loc":{"start":{"line":107,"column":6},"end":{"line":107,"column":34}},"type":"binary-expr","locations":[{"start":{"line":107,"column":6},"end":{"line":107,"column":12}},{"start":{"line":107,"column":16},"end":{"line":107,"column":34}}]},"21":{"loc":{"start":{"line":112,"column":4},"end":{"line":114,"column":5}},"type":"if","locations":[{"start":{"line":112,"column":4},"end":{"line":114,"column":5}}]},"22":{"loc":{"start":{"line":137,"column":12},"end":{"line":137,"column":103}},"type":"cond-expr","locations":[{"start":{"line":137,"column":34},"end":{"line":137,"column":38}},{"start":{"line":137,"column":42},"end":{"line":137,"column":102}}]},"23":{"loc":{"start":{"line":137,"column":42},"end":{"line":137,"column":102}},"type":"cond-expr","locations":[{"start":{"line":137,"column":49},"end":{"line":137,"column":97}},{"start":{"line":137,"column":100},"end":{"line":137,"column":102}}]},"24":{"loc":{"start":{"line":161,"column":2},"end":{"line":163,"column":3}},"type":"if","locations":[{"start":{"line":161,"column":2},"end":{"line":163,"column":3}}]},"25":{"loc":{"start":{"line":168,"column":4},"end":{"line":170,"column":5}},"type":"if","locations":[{"start":{"line":168,"column":4},"end":{"line":170,"column":5}}]},"26":{"loc":{"start":{"line":173,"column":4},"end":{"line":175,"column":5}},"type":"if","locations":[{"start":{"line":173,"column":4},"end":{"line":175,"column":5}}]},"27":{"loc":{"start":{"line":173,"column":8},"end":{"line":173,"column":108}},"type":"binary-expr","locations":[{"start":{"line":173,"column":8},"end":{"line":173,"column":70}},{"start":{"line":173,"column":75},"end":{"line":173,"column":108}}]},"28":{"loc":{"start":{"line":177,"column":37},"end":{"line":177,"column":138}},"type":"cond-expr","locations":[{"start":{"line":177,"column":55},"end":{"line":177,"column":120}},{"start":{"line":177,"column":124},"end":{"line":177,"column":138}}]},"29":{"loc":{"start":{"line":177,"column":55},"end":{"line":177,"column":120}},"type":"cond-expr","locations":[{"start":{"line":177,"column":87},"end":{"line":177,"column":101}},{"start":{"line":177,"column":104},"end":{"line":177,"column":120}}]},"30":{"loc":{"start":{"line":180,"column":4},"end":{"line":191,"column":5}},"type":"if","locations":[{"start":{"line":180,"column":4},"end":{"line":191,"column":5}}]},"31":{"loc":{"start":{"line":180,"column":8},"end":{"line":180,"column":52}},"type":"binary-expr","locations":[{"start":{"line":180,"column":8},"end":{"line":180,"column":22}},{"start":{"line":180,"column":26},"end":{"line":180,"column":52}}]},"32":{"loc":{"start":{"line":181,"column":34},"end":{"line":181,"column":99}},"type":"cond-expr","locations":[{"start":{"line":181,"column":66},"end":{"line":181,"column":80}},{"start":{"line":181,"column":83},"end":{"line":181,"column":99}}]},"33":{"loc":{"start":{"line":195,"column":4},"end":{"line":202,"column":5}},"type":"if","locations":[{"start":{"line":195,"column":4},"end":{"line":202,"column":5}}]},"34":{"loc":{"start":{"line":195,"column":8},"end":{"line":195,"column":63}},"type":"binary-expr","locations":[{"start":{"line":195,"column":8},"end":{"line":195,"column":13}},{"start":{"line":195,"column":17},"end":{"line":195,"column":33}},{"start":{"line":195,"column":37},"end":{"line":195,"column":63}}]},"35":{"loc":{"start":{"line":204,"column":20},"end":{"line":204,"column":42}},"type":"binary-expr","locations":[{"start":{"line":204,"column":20},"end":{"line":204,"column":25}},{"start":{"line":204,"column":29},"end":{"line":204,"column":42}}]},"36":{"loc":{"start":{"line":205,"column":26},"end":{"line":205,"column":60}},"type":"binary-expr","locations":[{"start":{"line":205,"column":26},"end":{"line":205,"column":37}},{"start":{"line":205,"column":41},"end":{"line":205,"column":60}}]},"37":{"loc":{"start":{"line":206,"column":20},"end":{"line":206,"column":71}},"type":"cond-expr","locations":[{"start":{"line":206,"column":42},"end":{"line":206,"column":55}},{"start":{"line":206,"column":58},"end":{"line":206,"column":71}}]},"38":{"loc":{"start":{"line":207,"column":24},"end":{"line":207,"column":54}},"type":"binary-expr","locations":[{"start":{"line":207,"column":24},"end":{"line":207,"column":33}},{"start":{"line":207,"column":37},"end":{"line":207,"column":54}}]},"39":{"loc":{"start":{"line":208,"column":23},"end":{"line":208,"column":51}},"type":"binary-expr","locations":[{"start":{"line":208,"column":23},"end":{"line":208,"column":31}},{"start":{"line":208,"column":35},"end":{"line":208,"column":51}}]},"40":{"loc":{"start":{"line":209,"column":26},"end":{"line":209,"column":60}},"type":"binary-expr","locations":[{"start":{"line":209,"column":26},"end":{"line":209,"column":37}},{"start":{"line":209,"column":41},"end":{"line":209,"column":60}}]},"41":{"loc":{"start":{"line":210,"column":23},"end":{"line":210,"column":51}},"type":"binary-expr","locations":[{"start":{"line":210,"column":23},"end":{"line":210,"column":31}},{"start":{"line":210,"column":35},"end":{"line":210,"column":51}}]},"42":{"loc":{"start":{"line":211,"column":19},"end":{"line":211,"column":120}},"type":"cond-expr","locations":[{"start":{"line":211,"column":27},"end":{"line":211,"column":104}},{"start":{"line":211,"column":108},"end":{"line":211,"column":120}}]},"43":{"loc":{"start":{"line":211,"column":27},"end":{"line":211,"column":104}},"type":"cond-expr","locations":[{"start":{"line":211,"column":49},"end":{"line":211,"column":53}},{"start":{"line":211,"column":56},"end":{"line":211,"column":104}}]},"44":{"loc":{"start":{"line":212,"column":21},"end":{"line":212,"column":76}},"type":"cond-expr","locations":[{"start":{"line":212,"column":44},"end":{"line":212,"column":59}},{"start":{"line":212,"column":62},"end":{"line":212,"column":76}}]},"45":{"loc":{"start":{"line":213,"column":23},"end":{"line":213,"column":84}},"type":"cond-expr","locations":[{"start":{"line":213,"column":48},"end":{"line":213,"column":65}},{"start":{"line":213,"column":68},"end":{"line":213,"column":84}}]},"46":{"loc":{"start":{"line":214,"column":24},"end":{"line":214,"column":54}},"type":"binary-expr","locations":[{"start":{"line":214,"column":24},"end":{"line":214,"column":33}},{"start":{"line":214,"column":37},"end":{"line":214,"column":54}}]},"47":{"loc":{"start":{"line":215,"column":24},"end":{"line":215,"column":88}},"type":"cond-expr","locations":[{"start":{"line":215,"column":50},"end":{"line":215,"column":68}},{"start":{"line":215,"column":71},"end":{"line":215,"column":88}}]},"48":{"loc":{"start":{"line":223,"column":4},"end":{"line":225,"column":5}},"type":"if","locations":[{"start":{"line":223,"column":4},"end":{"line":225,"column":5}}]},"49":{"loc":{"start":{"line":235,"column":2},"end":{"line":237,"column":3}},"type":"if","locations":[{"start":{"line":235,"column":2},"end":{"line":237,"column":3}}]},"50":{"loc":{"start":{"line":241,"column":4},"end":{"line":243,"column":5}},"type":"if","locations":[{"start":{"line":241,"column":4},"end":{"line":243,"column":5}}]},"51":{"loc":{"start":{"line":245,"column":4},"end":{"line":247,"column":5}},"type":"if","locations":[{"start":{"line":245,"column":4},"end":{"line":247,"column":5}}]},"52":{"loc":{"start":{"line":245,"column":8},"end":{"line":245,"column":108}},"type":"binary-expr","locations":[{"start":{"line":245,"column":8},"end":{"line":245,"column":70}},{"start":{"line":245,"column":75},"end":{"line":245,"column":108}}]},"53":{"loc":{"start":{"line":250,"column":4},"end":{"line":259,"column":5}},"type":"if","locations":[{"start":{"line":250,"column":4},"end":{"line":259,"column":5}}]},"54":{"loc":{"start":{"line":250,"column":8},"end":{"line":250,"column":81}},"type":"binary-expr","locations":[{"start":{"line":250,"column":8},"end":{"line":250,"column":22}},{"start":{"line":250,"column":26},"end":{"line":250,"column":51}},{"start":{"line":250,"column":55},"end":{"line":250,"column":81}}]},"55":{"loc":{"start":{"line":266,"column":5},"end":{"line":268,"column":5}},"type":"if","locations":[{"start":{"line":266,"column":5},"end":{"line":268,"column":5}}]}},"s":{"0":1,"1":1,"2":1,"3":1,"4":0,"5":0,"6":0,"7":0,"8":0,"9":0,"10":0,"11":0,"12":0,"13":0,"14":0,"15":0,"16":0,"17":0,"18":0,"19":0,"20":0,"21":0,"22":0,"23":0,"24":0,"25":0,"26":0,"27":0,"28":0,"29":0,"30":0,"31":0,"32":0,"33":0,"34":0,"35":0,"36":0,"37":0,"38":1,"39":4,"40":4,"41":2,"42":1,"43":1,"44":1,"45":1,"46":2,"47":2,"48":1,"49":1,"50":1,"51":0,"52":0,"53":0,"54":0,"55":0,"56":0,"57":0,"58":0,"59":0,"60":0,"61":0,"62":0,"63":0,"64":0,"65":0,"66":0,"67":0,"68":0,"69":0,"70":0,"71":0,"72":1,"73":0,"74":0,"75":0,"76":0,"77":0,"78":0,"79":0,"80":0,"81":0,"82":0,"83":0,"84":0,"85":0,"86":0,"87":0,"88":0,"89":0,"90":0,"91":0,"92":0,"93":0,"94":0,"95":0,"96":0,"97":0,"98":0,"99":0,"100":0,"101":0,"102":0,"103":0,"104":0,"105":0,"106":0,"107":0,"108":0,"109":0,"110":0,"111":0,"112":0,"113":0,"114":0,"115":0,"116":0,"117":0,"118":0,"119":1,"120":1,"121":0,"122":0,"123":0,"124":0,"125":0,"126":0,"127":0,"128":0,"129":0,"130":0,"131":0,"132":0,"133":0,"134":0,"135":0,"136":0,"137":0,"138":0,"139":0,"140":1},"f":{"0":0,"1":4,"2":0,"3":0,"4":0,"5":0,"6":0,"7":0},"b":{"0":[0,0],"1":[0,0],"2":[0,0],"3":[0],"4":[0,0],"5":[0],"6":[0],"7":[0],"8":[0],"9":[0,0],"10":[0],"11":[0,0],"12":[0,0],"13":[0,0],"14":[0,0],"15":[1,1],"16":[1,1],"17":[1],"18":[0],"19":[0],"20":[0,0],"21":[0],"22":[0,0],"23":[0,0],"24":[0],"25":[0],"26":[0],"27":[0,0],"28":[0,0],"29":[0,0],"30":[0],"31":[0,0],"32":[0,0],"33":[0],"34":[0,0,0],"35":[0,0],"36":[0,0],"37":[0,0],"38":[0,0],"39":[0,0],"40":[0,0],"41":[0,0],"42":[0,0],"43":[0,0],"44":[0,0],"45":[0,0],"46":[0,0],"47":[0,0],"48":[0],"49":[0],"50":[0],"51":[0],"52":[0,0],"53":[0],"54":[0,0,0],"55":[0]}}
,"/app/backend/src/middleware/asyncHandler.ts": {"path":"/app/backend/src/middleware/asyncHandler.ts","statementMap":{"0":{"start":{"line":5,"column":21},"end":{"line":9,"column":52}},"1":{"start":{"line":5,"column":66},"end":{"line":9,"column":52}},"2":{"start":{"line":9,"column":5},"end":{"line":9,"column":52}},"3":{"start":{"line":11,"column":0},"end":{"line":11,"column":28}}},"fnMap":{"0":{"name":"(anonymous_0)","decl":{"start":{"line":5,"column":21},"end":{"line":5,"column":22}},"loc":{"start":{"line":5,"column":66},"end":{"line":9,"column":52}}},"1":{"name":"(anonymous_1)","decl":{"start":{"line":5,"column":66},"end":{"line":5,"column":null}},"loc":{"start":{"line":9,"column":5},"end":{"line":9,"column":52}}}},"branchMap":{},"s":{"0":1,"1":3,"2":4,"3":1},"f":{"0":3,"1":4},"b":{}}
,"/app/backend/src/models/ProductModel.ts": {"path":"/app/backend/src/models/ProductModel.ts","statementMap":{"0":{"start":{"line":1,"column":0},"end":{"line":1,"column":54}},"1":{"start":{"line":24,"column":22},"end":{"line":55,"column":null}},"2":{"start":{"line":59,"column":0},"end":{"line":59,"column":96}},"3":{"start":{"line":61,"column":16},"end":{"line":61,"column":66}},"4":{"start":{"line":63,"column":0},"end":{"line":63,"column":23}}},"fnMap":{},"branchMap":{},"s":{"0":1,"1":1,"2":1,"3":1,"4":1},"f":{},"b":{}}
}
