TN:
SF:src/config/cloudinary.ts
FN:24,(anonymous_1)
FN:40,(anonymous_2)
FNF:2
FNH:0
FNDA:0,(anonymous_1)
FNDA:0,(anonymous_2)
DA:1,1
DA:2,1
DA:4,1
DA:6,1
DA:8,1
DA:9,1
DA:15,0
DA:16,0
DA:17,0
DA:19,0
DA:24,1
DA:25,0
DA:26,0
DA:28,0
DA:29,0
DA:33,0
DA:35,0
DA:36,0
DA:40,1
DA:41,0
DA:42,0
DA:44,0
DA:49,0
DA:50,0
DA:51,0
DA:53,0
DA:55,0
DA:56,0
DA:61,1
LF:29
LH:9
BRDA:8,0,0,1
BRDA:8,0,1,0
BRDA:24,1,0,0
BRDA:25,2,0,0
BRDA:41,3,0,0
BRDA:51,4,0,0
BRDA:51,4,1,0
BRF:7
BRH:1
end_of_record
TN:
SF:src/controllers/productController.ts
FN:11,(anonymous_1)
FN:77,(anonymous_2)
FN:99,(anonymous_3)
FN:137,(anonymous_4)
FN:155,(anonymous_5)
FN:185,(anonymous_6)
FN:211,(anonymous_7)
FN:233,(anonymous_8)
FNF:8
FNH:1
FNDA:0,(anonymous_1)
FNDA:4,(anonymous_2)
FNDA:0,(anonymous_3)
FNDA:0,(anonymous_4)
FNDA:0,(anonymous_5)
FNDA:0,(anonymous_6)
FNDA:0,(anonymous_7)
FNDA:0,(anonymous_8)
DA:1,1
DA:3,1
DA:5,1
DA:11,1
DA:12,0
DA:13,0
DA:14,0
DA:23,0
DA:24,0
DA:25,0
DA:27,0
DA:28,0
DA:29,0
DA:30,0
DA:33,0
DA:34,0
DA:35,0
DA:36,0
DA:39,0
DA:40,0
DA:44,0
DA:45,0
DA:46,0
DA:47,0
DA:48,0
DA:49,0
DA:51,0
DA:53,0
DA:54,0
DA:55,0
DA:56,0
DA:62,0
DA:69,0
DA:70,0
DA:77,1
DA:78,4
DA:79,4
DA:80,2
DA:81,1
DA:82,1
DA:83,1
DA:85,1
DA:88,2
DA:89,2
DA:90,1
DA:92,1
DA:99,1
DA:100,0
DA:102,0
DA:103,0
DA:106,0
DA:107,0
DA:108,0
DA:111,0
DA:112,0
DA:113,0
DA:116,0
DA:117,0
DA:121,0
DA:122,0
DA:123,0
DA:124,0
DA:127,0
DA:137,0
DA:144,0
DA:145,0
DA:147,0
DA:148,0
DA:155,1
DA:156,0
DA:161,0
DA:162,0
DA:165,0
DA:166,0
DA:168,0
DA:169,0
DA:173,0
DA:174,0
DA:177,0
DA:180,0
DA:181,0
DA:182,0
DA:183,0
DA:184,0
DA:185,0
DA:187,0
DA:194,0
DA:195,0
DA:196,0
DA:197,0
DA:198,0
DA:199,0
DA:200,0
DA:204,0
DA:205,0
DA:206,0
DA:207,0
DA:208,0
DA:209,0
DA:210,0
DA:211,0
DA:212,0
DA:213,0
DA:214,0
DA:215,0
DA:216,0
DA:217,0
DA:219,0
DA:220,0
DA:222,0
DA:223,0
DA:224,0
DA:226,0
DA:233,1
DA:235,0
DA:236,0
DA:238,0
DA:239,0
DA:241,0
DA:242,0
DA:245,0
DA:246,0
DA:250,0
DA:251,0
DA:252,0
DA:253,0
DA:255,0
DA:261,0
DA:263,0
DA:265,0
DA:266,0
DA:267,0
DA:269,0
LF:133
LH:19
BRDA:12,0,0,0
BRDA:12,0,1,0
BRDA:13,1,0,0
BRDA:13,1,1,0
BRDA:14,2,0,0
BRDA:14,2,1,0
BRDA:24,3,0,0
BRDA:24,4,0,0
BRDA:24,4,1,0
BRDA:27,5,0,0
BRDA:29,6,0,0
BRDA:33,7,0,0
BRDA:35,8,0,0
BRDA:35,9,0,0
BRDA:35,9,1,0
BRDA:39,10,0,0
BRDA:46,11,0,0
BRDA:46,11,1,0
BRDA:47,12,0,0
BRDA:47,12,1,0
BRDA:48,13,0,0
BRDA:48,13,1,0
BRDA:49,14,0,0
BRDA:49,14,1,0
BRDA:80,15,0,1
BRDA:80,15,1,1
BRDA:81,16,0,1
BRDA:81,16,1,1
BRDA:89,17,0,1
BRDA:102,18,0,0
BRDA:107,19,0,0
BRDA:107,20,0,0
BRDA:107,20,1,0
BRDA:112,21,0,0
BRDA:137,22,0,0
BRDA:137,22,1,0
BRDA:137,23,0,0
BRDA:137,23,1,0
BRDA:161,24,0,0
BRDA:168,25,0,0
BRDA:173,26,0,0
BRDA:173,27,0,0
BRDA:173,27,1,0
BRDA:177,28,0,0
BRDA:177,28,1,0
BRDA:177,29,0,0
BRDA:177,29,1,0
BRDA:180,30,0,0
BRDA:180,31,0,0
BRDA:180,31,1,0
BRDA:181,32,0,0
BRDA:181,32,1,0
BRDA:195,33,0,0
BRDA:195,34,0,0
BRDA:195,34,1,0
BRDA:195,34,2,0
BRDA:204,35,0,0
BRDA:204,35,1,0
BRDA:205,36,0,0
BRDA:205,36,1,0
BRDA:206,37,0,0
BRDA:206,37,1,0
BRDA:207,38,0,0
BRDA:207,38,1,0
BRDA:208,39,0,0
BRDA:208,39,1,0
BRDA:209,40,0,0
BRDA:209,40,1,0
BRDA:210,41,0,0
BRDA:210,41,1,0
BRDA:211,42,0,0
BRDA:211,42,1,0
BRDA:211,43,0,0
BRDA:211,43,1,0
BRDA:212,44,0,0
BRDA:212,44,1,0
BRDA:213,45,0,0
BRDA:213,45,1,0
BRDA:214,46,0,0
BRDA:214,46,1,0
BRDA:215,47,0,0
BRDA:215,47,1,0
BRDA:223,48,0,0
BRDA:235,49,0,0
BRDA:241,50,0,0
BRDA:245,51,0,0
BRDA:245,52,0,0
BRDA:245,52,1,0
BRDA:250,53,0,0
BRDA:250,54,0,0
BRDA:250,54,1,0
BRDA:250,54,2,0
BRDA:266,55,0,0
BRF:93
BRH:5
end_of_record
TN:
SF:src/middleware/asyncHandler.ts
FN:5,(anonymous_0)
FN:5,(anonymous_1)
FNF:2
FNH:2
FNDA:3,(anonymous_0)
FNDA:4,(anonymous_1)
DA:5,3
DA:9,4
DA:11,1
LF:3
LH:3
BRF:0
BRH:0
end_of_record
TN:
SF:src/models/ProductModel.ts
FNF:0
FNH:0
DA:1,1
DA:24,1
DA:59,1
DA:61,1
DA:63,1
LF:5
LH:5
BRF:0
BRH:0
end_of_record
